0 info it worked if it ends with ok
1 verbose cli [ 'C:\\nodejs\\node.exe',
1 verbose cli   'C:\\nodejs\\node_modules\\npm\\bin\\npm-cli.js',
1 verbose cli   'start' ]
2 info using npm@3.10.10
3 info using node@v6.11.0
4 verbose run-script [ 'prestart', 'start', 'poststart' ]
5 info lifecycle Starter@1.0.0~prestart: Starter@1.0.0
6 silly lifecycle Starter@1.0.0~prestart: no script for prestart, continuing
7 info lifecycle Starter@1.0.0~start: Starter@1.0.0
8 verbose lifecycle Starter@1.0.0~start: unsafe-perm in lifecycle true
9 verbose lifecycle Starter@1.0.0~start: PATH: C:\nodejs\node_modules\npm\bin\node-gyp-bin;C:\Project\Exercises5\Starter\node_modules\.bin;C:\Users\Administrator\AppData\Roaming\npm;C:\nodejs\;C:\ProgramData\Oracle\Java\javapath;:C:\Program Files (x86)\jdk18\bin;C:\Windows\system32;C:\Windows;C:\Windows\System32\Wbem;C:\Windows\System32\WindowsPowerShell\v1.0\;C:\Program Files\Git\cmd;C:\HashiCorp\Vagrant\bin;C:\Program Files (x86)\MySQL\MySQL Fabric 1.5 & MySQL Utilities 1.5\;C:\Program Files (x86)\MySQL\MySQL Fabric 1.5 & MySQL Utilities 1.5\Doctrine extensions for PHP\;C:\Program Files\MySQL\MySQL Server 5.7\bin;C:\nodejs\;C:\Users\Administrator\AppData\Roaming\npm
10 verbose lifecycle Starter@1.0.0~start: CWD: C:\Project\Exercises5\Starter
11 silly lifecycle Starter@1.0.0~start: Args: [ '/d /s /c', 'webpack-dev-server --hot' ]
12 silly lifecycle Starter@1.0.0~start: Returned: code: 3221225786  signal: null
13 info lifecycle Starter@1.0.0~start: Failed to exec start script
14 verbose stack Error: Starter@1.0.0 start: `webpack-dev-server --hot`
14 verbose stack Exit status 3221225786
14 verbose stack     at EventEmitter.<anonymous> (C:\nodejs\node_modules\npm\lib\utils\lifecycle.js:255:16)
14 verbose stack     at emitTwo (events.js:106:13)
14 verbose stack     at EventEmitter.emit (events.js:191:7)
14 verbose stack     at ChildProcess.<anonymous> (C:\nodejs\node_modules\npm\lib\utils\spawn.js:40:14)
14 verbose stack     at emitTwo (events.js:106:13)
14 verbose stack     at ChildProcess.emit (events.js:191:7)
14 verbose stack     at maybeClose (internal/child_process.js:891:16)
14 verbose stack     at Process.ChildProcess._handle.onexit (internal/child_process.js:226:5)
15 verbose pkgid Starter@1.0.0
16 verbose cwd C:\Project\Exercises5\Starter
17 error Windows_NT 6.1.7601
18 error argv "C:\\nodejs\\node.exe" "C:\\nodejs\\node_modules\\npm\\bin\\npm-cli.js" "start"
19 error node v6.11.0
20 error npm  v3.10.10
21 error code ELIFECYCLE
22 error Starter@1.0.0 start: `webpack-dev-server --hot`
22 error Exit status 3221225786
23 error Failed at the Starter@1.0.0 start script 'webpack-dev-server --hot'.
23 error Make sure you have the latest version of node.js and npm installed.
23 error If you do, this is most likely a problem with the Starter package,
23 error not with npm itself.
23 error Tell the author that this fails on your system:
23 error     webpack-dev-server --hot
23 error You can get information on how to open an issue for this project with:
23 error     npm bugs Starter
23 error Or if that isn't available, you can get their info via:
23 error     npm owner ls Starter
23 error There is likely additional logging output above.
24 verbose exit [ 1, true ]
